c:\users\dcrai\vagrant\vagrant_shared_folder\parsego\parsego\debug\parsego.pch
c:\users\dcrai\vagrant\vagrant_shared_folder\parsego\parsego\debug\vc141.pdb
c:\users\dcrai\vagrant\vagrant_shared_folder\parsego\parsego\debug\vc141.idb
c:\users\dcrai\vagrant\vagrant_shared_folder\parsego\parsego\debug\stdafx.obj
c:\users\dcrai\vagrant\vagrant_shared_folder\parsego\parsego\debug\source.obj
c:\users\dcrai\vagrant\vagrant_shared_folder\parsego\parsego\debug\parsego.obj
c:\users\dcrai\vagrant\vagrant_shared_folder\parsego\parsego\debug\parser.obj
c:\users\dcrai\vagrant\vagrant_shared_folder\parsego\parsego\debug\lexer.obj
c:\users\dcrai\vagrant\vagrant_shared_folder\parsego\debug\parsego.exe
c:\users\dcrai\vagrant\vagrant_shared_folder\parsego\debug\parsego.ilk
c:\users\dcrai\vagrant\vagrant_shared_folder\parsego\debug\parsego.pdb
c:\users\dcrai\vagrant\vagrant_shared_folder\parsego\parsego\debug\parsego.res
c:\users\dcrai\vagrant\vagrant_shared_folder\parsego\parsego\debug\parser.obj.enc
c:\users\dcrai\vagrant\vagrant_shared_folder\parsego\parsego\debug\parsego.tlog\cl.command.1.tlog
c:\users\dcrai\vagrant\vagrant_shared_folder\parsego\parsego\debug\parsego.tlog\cl.read.1.tlog
c:\users\dcrai\vagrant\vagrant_shared_folder\parsego\parsego\debug\parsego.tlog\cl.write.1.tlog
c:\users\dcrai\vagrant\vagrant_shared_folder\parsego\parsego\debug\parsego.tlog\link.command.1.tlog
c:\users\dcrai\vagrant\vagrant_shared_folder\parsego\parsego\debug\parsego.tlog\link.read.1.tlog
c:\users\dcrai\vagrant\vagrant_shared_folder\parsego\parsego\debug\parsego.tlog\link.write.1.tlog
c:\users\dcrai\vagrant\vagrant_shared_folder\parsego\parsego\debug\parsego.tlog\rc.command.1.tlog
c:\users\dcrai\vagrant\vagrant_shared_folder\parsego\parsego\debug\parsego.tlog\rc.read.1.tlog
c:\users\dcrai\vagrant\vagrant_shared_folder\parsego\parsego\debug\parsego.tlog\rc.write.1.tlog
